<?xml version="1.0" encoding="UTF-8"?>
<!-- Generated by org.testng.reporters.JUnitXMLReporter -->
<testsuite hostname="nn-lregulski-01" name="Default test" tests="3" failures="0" timestamp="22 Jan 2017 05:18:41 GMT" time="40.49" errors="0">
  <testcase name="checkDatePostedForOffer" time="3.97" classname="com.akamai.tests.Search_Test_Jobs"/>
  <testcase name="checkNumberOfJobsPosted" time="0.131" classname="com.akamai.tests.Search_Test_Jobs"/>
  <testcase name="checkNumberOfResults" time="0.423" classname="com.akamai.tests.Search_Test_Jobs"/>
</testsuite> <!-- Default test -->
