<?xml version="1.0" encoding="UTF-8"?>
<!-- Generated by org.testng.reporters.JUnitXMLReporter -->
<testsuite hostname="nn-lregulski-01" name="Default test" tests="3" failures="0" timestamp="23 Jan 2017 00:03:19 GMT" time="45.37" errors="0">
  <testcase name="checkDatePostedForOffer" time="5.141" classname="com.akamai.tests.Search_Test_Jobs"/>
  <testcase name="checkNumberOfJobsPosted" time="0.127" classname="com.akamai.tests.Search_Test_Jobs"/>
  <testcase name="checkNumberOfResults" time="0.654" classname="com.akamai.tests.Search_Test_Jobs"/>
</testsuite> <!-- Default test -->
