<?xml version="1.0" encoding="UTF-8"?>
<testng-results skipped="2" failed="0" total="3" passed="1">
  <reporter-output>
  </reporter-output>
  <suite name="Search test word inside Carrers Akamai Page" duration-ms="26671" started-at="2017-01-22T20:26:25Z" finished-at="2017-01-22T20:26:52Z">
    <groups>
    </groups>
    <test name="Test1" duration-ms="26671" started-at="2017-01-22T20:26:25Z" finished-at="2017-01-22T20:26:52Z">
      <class name="com.akamai.tests.Search_Test_Jobs">
        <test-method status="PASS" signature="setup()[pri:0, instance:com.akamai.tests.Search_Test_Jobs@39aeed2f]" name="setup" is-config="true" duration-ms="12794" started-at="2017-01-22T15:26:25Z" finished-at="2017-01-22T15:26:38Z">
          <reporter-output>
          </reporter-output>
        </test-method> <!-- setup -->
        <test-method status="PASS" signature="checkDatePostedForOffer()[pri:0, instance:com.akamai.tests.Search_Test_Jobs@39aeed2f]" name="checkDatePostedForOffer" duration-ms="4109" started-at="2017-01-22T15:26:38Z" finished-at="2017-01-22T15:26:42Z">
          <reporter-output>
          </reporter-output>
        </test-method> <!-- checkDatePostedForOffer -->
        <test-method status="PASS" signature="terdown()[pri:0, instance:com.akamai.tests.Search_Test_Jobs@39aeed2f]" name="terdown" is-config="true" duration-ms="1708" started-at="2017-01-22T15:26:42Z" finished-at="2017-01-22T15:26:44Z">
          <reporter-output>
          </reporter-output>
        </test-method> <!-- terdown -->
        <test-method status="FAIL" signature="setup()[pri:0, instance:com.akamai.tests.Search_Test_Jobs@39aeed2f]" name="setup" is-config="true" duration-ms="0" started-at="2017-01-22T15:26:44Z" finished-at="2017-01-22T15:26:44Z">
          <exception class="org.openqa.selenium.NoSuchWindowException">
            <message>
              <![CDATA[no such window: target window already closed
from unknown error: web view not found
  (Session info: chrome=55.0.2883.87)
  (Driver info: chromedriver=2.27.440174 (e97a722caafc2d3a8b807ee115bfb307f7d2cfd9),platform=Windows NT 10.0.14393 x86_64) (WARNING: The server did not provide any stacktrace information)
Command duration or timeout: 64 milliseconds
Build info: version: '3.0.1', revision: '1969d75', time: '2016-10-18 09:49:13 -0700'
System info: host: 'nn-lregulski-01', ip: '192.168.0.11', os.name: 'Windows 10', os.arch: 'amd64', os.version: '10.0', java.version: '1.8.0_101'
Driver info: org.openqa.selenium.chrome.ChromeDriver
Capabilities [{applicationCacheEnabled=false, rotatable=false, mobileEmulationEnabled=false, networkConnectionEnabled=false, chrome={chromedriverVersion=2.27.440174 (e97a722caafc2d3a8b807ee115bfb307f7d2cfd9), userDataDir=C:\Users\LREGUL~1\AppData\Local\Temp\scoped_dir10444_4983}, takesHeapSnapshot=true, pageLoadStrategy=normal, databaseEnabled=false, handlesAlerts=true, hasTouchScreen=false, version=55.0.2883.87, platform=XP, browserConnectionEnabled=false, nativeEvents=true, acceptSslCerts=true, locationContextEnabled=true, webStorageEnabled=true, browserName=chrome, takesScreenshot=true, javascriptEnabled=true, cssSelectorsEnabled=true, unexpectedAlertBehaviour=}]
Session ID: a527f10f5b3ee15537e36942789da587]]>
            </message>
            <full-stacktrace>
              <![CDATA[org.openqa.selenium.NoSuchWindowException: no such window: target window already closed
from unknown error: web view not found
  (Session info: chrome=55.0.2883.87)
  (Driver info: chromedriver=2.27.440174 (e97a722caafc2d3a8b807ee115bfb307f7d2cfd9),platform=Windows NT 10.0.14393 x86_64) (WARNING: The server did not provide any stacktrace information)
Command duration or timeout: 64 milliseconds
Build info: version: '3.0.1', revision: '1969d75', time: '2016-10-18 09:49:13 -0700'
System info: host: 'nn-lregulski-01', ip: '192.168.0.11', os.name: 'Windows 10', os.arch: 'amd64', os.version: '10.0', java.version: '1.8.0_101'
Driver info: org.openqa.selenium.chrome.ChromeDriver
Capabilities [{applicationCacheEnabled=false, rotatable=false, mobileEmulationEnabled=false, networkConnectionEnabled=false, chrome={chromedriverVersion=2.27.440174 (e97a722caafc2d3a8b807ee115bfb307f7d2cfd9), userDataDir=C:\Users\LREGUL~1\AppData\Local\Temp\scoped_dir10444_4983}, takesHeapSnapshot=true, pageLoadStrategy=normal, databaseEnabled=false, handlesAlerts=true, hasTouchScreen=false, version=55.0.2883.87, platform=XP, browserConnectionEnabled=false, nativeEvents=true, acceptSslCerts=true, locationContextEnabled=true, webStorageEnabled=true, browserName=chrome, takesScreenshot=true, javascriptEnabled=true, cssSelectorsEnabled=true, unexpectedAlertBehaviour=}]
Session ID: a527f10f5b3ee15537e36942789da587
	at sun.reflect.NativeConstructorAccessorImpl.newInstance0(Native Method)
	at sun.reflect.NativeConstructorAccessorImpl.newInstance(Unknown Source)
	at sun.reflect.DelegatingConstructorAccessorImpl.newInstance(Unknown Source)
	at java.lang.reflect.Constructor.newInstance(Unknown Source)
	at org.openqa.selenium.remote.ErrorHandler.createThrowable(ErrorHandler.java:216)
	at org.openqa.selenium.remote.ErrorHandler.throwIfResponseFailed(ErrorHandler.java:168)
	at org.openqa.selenium.remote.RemoteWebDriver.execute(RemoteWebDriver.java:635)
	at org.openqa.selenium.remote.RemoteWebDriver.execute(RemoteWebDriver.java:658)
	at org.openqa.selenium.remote.RemoteWebDriver.getTitle(RemoteWebDriver.java:326)
	at base.BaseMethods.checkPageTitel(BaseMethods.java:31)
	at com.akamai.tests.Search_Test_Jobs.setup(Search_Test_Jobs.java:32)
	at sun.reflect.NativeMethodAccessorImpl.invoke0(Native Method)
	at sun.reflect.NativeMethodAccessorImpl.invoke(Unknown Source)
	at sun.reflect.DelegatingMethodAccessorImpl.invoke(Unknown Source)
	at java.lang.reflect.Method.invoke(Unknown Source)
	at org.testng.internal.MethodInvocationHelper.invokeMethod(MethodInvocationHelper.java:80)
	at org.testng.internal.Invoker.invokeConfigurationMethod(Invoker.java:564)
	at org.testng.internal.Invoker.invokeConfigurations(Invoker.java:213)
	at org.testng.internal.Invoker.invokeMethod(Invoker.java:653)
	at org.testng.internal.Invoker.invokeTestMethod(Invoker.java:901)
	at org.testng.internal.Invoker.invokeTestMethods(Invoker.java:1231)
	at org.testng.internal.TestMethodWorker.invokeTestMethods(TestMethodWorker.java:127)
	at org.testng.internal.TestMethodWorker.run(TestMethodWorker.java:111)
	at org.testng.TestRunner.privateRun(TestRunner.java:767)
	at org.testng.TestRunner.run(TestRunner.java:617)
	at org.testng.SuiteRunner.runTest(SuiteRunner.java:334)
	at org.testng.SuiteRunner.runSequentially(SuiteRunner.java:329)
	at org.testng.SuiteRunner.privateRun(SuiteRunner.java:291)
	at org.testng.SuiteRunner.run(SuiteRunner.java:240)
	at org.testng.SuiteRunnerWorker.runSuite(SuiteRunnerWorker.java:52)
	at org.testng.SuiteRunnerWorker.run(SuiteRunnerWorker.java:86)
	at org.testng.TestNG.runSuitesSequentially(TestNG.java:1198)
	at org.testng.TestNG.runSuitesLocally(TestNG.java:1123)
	at org.testng.TestNG.run(TestNG.java:1031)
	at org.testng.remote.AbstractRemoteTestNG.run(AbstractRemoteTestNG.java:132)
	at org.testng.remote.RemoteTestNG.initAndRun(RemoteTestNG.java:236)
	at org.testng.remote.RemoteTestNG.main(RemoteTestNG.java:81)
]]>
            </full-stacktrace>
          </exception> <!-- org.openqa.selenium.NoSuchWindowException -->
          <reporter-output>
          </reporter-output>
        </test-method> <!-- setup -->
        <test-method status="SKIP" signature="checkNumberOfJobsPosted()[pri:0, instance:com.akamai.tests.Search_Test_Jobs@39aeed2f]" name="checkNumberOfJobsPosted" duration-ms="3" started-at="2017-01-22T15:26:51Z" finished-at="2017-01-22T15:26:51Z">
          <reporter-output>
          </reporter-output>
        </test-method> <!-- checkNumberOfJobsPosted -->
        <test-method status="PASS" signature="terdown()[pri:0, instance:com.akamai.tests.Search_Test_Jobs@39aeed2f]" name="terdown" is-config="true" duration-ms="1107" started-at="2017-01-22T15:26:51Z" finished-at="2017-01-22T15:26:52Z">
          <reporter-output>
          </reporter-output>
        </test-method> <!-- terdown -->
        <test-method status="SKIP" signature="setup()[pri:0, instance:com.akamai.tests.Search_Test_Jobs@39aeed2f]" name="setup" is-config="true" duration-ms="0" started-at="2017-01-22T15:26:52Z" finished-at="2017-01-22T15:26:52Z">
          <reporter-output>
          </reporter-output>
        </test-method> <!-- setup -->
        <test-method status="SKIP" signature="checkNumberOfResults()[pri:0, instance:com.akamai.tests.Search_Test_Jobs@39aeed2f]" name="checkNumberOfResults" duration-ms="3" started-at="2017-01-22T15:26:52Z" finished-at="2017-01-22T15:26:52Z">
          <reporter-output>
          </reporter-output>
        </test-method> <!-- checkNumberOfResults -->
        <test-method status="PASS" signature="terdown()[pri:0, instance:com.akamai.tests.Search_Test_Jobs@39aeed2f]" name="terdown" is-config="true" duration-ms="1" started-at="2017-01-22T15:26:52Z" finished-at="2017-01-22T15:26:52Z">
          <reporter-output>
          </reporter-output>
        </test-method> <!-- terdown -->
      </class> <!-- com.akamai.tests.Search_Test_Jobs -->
    </test> <!-- Test1 -->
  </suite> <!-- Search test word inside Carrers Akamai Page -->
</testng-results>
