<?xml version="1.0" encoding="UTF-8"?>
<!-- Generated by org.testng.reporters.JUnitXMLReporter -->
<testsuite hostname="nn-lregulski-01" name="Test1" tests="3" failures="0" timestamp="22 Jan 2017 23:09:07 GMT" time="42.279" errors="0">
  <testcase name="checkDatePostedForOffer" time="4.044" classname="com.akamai.tests.Search_Test_Jobs"/>
  <testcase name="checkNumberOfJobsPosted" time="0.173" classname="com.akamai.tests.Search_Test_Jobs"/>
  <testcase name="checkNumberOfResults" time="0.385" classname="com.akamai.tests.Search_Test_Jobs"/>
</testsuite> <!-- Test1 -->
