<?xml version="1.0" encoding="UTF-8"?>
<!-- Generated by org.testng.reporters.JUnitXMLReporter -->
<testsuite hostname="nn-lregulski-01" name="Test1" tests="3" failures="0" timestamp="22 Jan 2017 23:18:26 GMT" time="44.047" errors="0">
  <testcase name="checkDatePostedForOffer" time="4.187" classname="com.akamai.tests.Search_Test_Jobs"/>
  <testcase name="checkNumberOfJobsPosted" time="0.113" classname="com.akamai.tests.Search_Test_Jobs"/>
  <testcase name="checkNumberOfResults" time="0.391" classname="com.akamai.tests.Search_Test_Jobs"/>
</testsuite> <!-- Test1 -->
