<?xml version="1.0" encoding="UTF-8"?>
<!-- Generated by org.testng.reporters.JUnitXMLReporter -->
<testsuite hostname="nn-lregulski-01" name="Test1" tests="3" failures="0" timestamp="22 Jan 2017 21:14:33 GMT" time="41.327" errors="0">
  <testcase name="checkDatePostedForOffer" time="3.819" classname="com.akamai.tests.Search_Test_Jobs"/>
  <testcase name="checkNumberOfJobsPosted" time="0.13" classname="com.akamai.tests.Search_Test_Jobs"/>
  <testcase name="checkNumberOfResults" time="0.423" classname="com.akamai.tests.Search_Test_Jobs"/>
</testsuite> <!-- Test1 -->
