<?xml version="1.0" encoding="UTF-8"?>
<testng-results skipped="0" failed="0" total="3" passed="3">
  <reporter-output>
  </reporter-output>
  <suite name="Search test word inside Carrers Akamai Page" duration-ms="44047" started-at="2017-01-22T23:17:41Z" finished-at="2017-01-22T23:18:26Z">
    <groups>
    </groups>
    <test name="Test1" duration-ms="44047" started-at="2017-01-22T23:17:41Z" finished-at="2017-01-22T23:18:26Z">
      <class name="com.akamai.tests.Search_Test_Jobs">
        <test-method status="PASS" signature="setup()[pri:0, instance:com.akamai.tests.Search_Test_Jobs@668bc3d5]" name="setup" is-config="true" duration-ms="13316" started-at="2017-01-22T18:17:42Z" finished-at="2017-01-22T18:17:55Z">
          <reporter-output>
          </reporter-output>
        </test-method> <!-- setup -->
        <test-method status="PASS" signature="checkDatePostedForOffer()[pri:0, instance:com.akamai.tests.Search_Test_Jobs@668bc3d5]" name="checkDatePostedForOffer" duration-ms="4187" started-at="2017-01-22T18:17:55Z" finished-at="2017-01-22T18:17:59Z">
          <reporter-output>
          </reporter-output>
        </test-method> <!-- checkDatePostedForOffer -->
        <test-method status="PASS" signature="terdown()[pri:0, instance:com.akamai.tests.Search_Test_Jobs@668bc3d5]" name="terdown" is-config="true" duration-ms="1454" started-at="2017-01-22T18:17:59Z" finished-at="2017-01-22T18:18:00Z">
          <reporter-output>
          </reporter-output>
        </test-method> <!-- terdown -->
        <test-method status="PASS" signature="setup()[pri:0, instance:com.akamai.tests.Search_Test_Jobs@668bc3d5]" name="setup" is-config="true" duration-ms="11359" started-at="2017-01-22T18:18:00Z" finished-at="2017-01-22T18:18:12Z">
          <reporter-output>
          </reporter-output>
        </test-method> <!-- setup -->
        <test-method status="PASS" signature="checkNumberOfJobsPosted()[pri:0, instance:com.akamai.tests.Search_Test_Jobs@668bc3d5]" name="checkNumberOfJobsPosted" duration-ms="113" started-at="2017-01-22T18:18:12Z" finished-at="2017-01-22T18:18:12Z">
          <reporter-output>
          </reporter-output>
        </test-method> <!-- checkNumberOfJobsPosted -->
        <test-method status="PASS" signature="terdown()[pri:0, instance:com.akamai.tests.Search_Test_Jobs@668bc3d5]" name="terdown" is-config="true" duration-ms="1214" started-at="2017-01-22T18:18:12Z" finished-at="2017-01-22T18:18:13Z">
          <reporter-output>
          </reporter-output>
        </test-method> <!-- terdown -->
        <test-method status="PASS" signature="setup()[pri:0, instance:com.akamai.tests.Search_Test_Jobs@668bc3d5]" name="setup" is-config="true" duration-ms="10742" started-at="2017-01-22T18:18:13Z" finished-at="2017-01-22T18:18:24Z">
          <reporter-output>
          </reporter-output>
        </test-method> <!-- setup -->
        <test-method status="PASS" signature="checkNumberOfResults()[pri:0, instance:com.akamai.tests.Search_Test_Jobs@668bc3d5]" name="checkNumberOfResults" duration-ms="391" started-at="2017-01-22T18:18:24Z" finished-at="2017-01-22T18:18:24Z">
          <reporter-output>
          </reporter-output>
        </test-method> <!-- checkNumberOfResults -->
        <test-method status="PASS" signature="terdown()[pri:0, instance:com.akamai.tests.Search_Test_Jobs@668bc3d5]" name="terdown" is-config="true" duration-ms="1219" started-at="2017-01-22T18:18:24Z" finished-at="2017-01-22T18:18:26Z">
          <reporter-output>
          </reporter-output>
        </test-method> <!-- terdown -->
      </class> <!-- com.akamai.tests.Search_Test_Jobs -->
    </test> <!-- Test1 -->
  </suite> <!-- Search test word inside Carrers Akamai Page -->
</testng-results>
